[debug] [2019-03-28T03:38:43.006Z] ----------------------------------------------------------------------
[debug] [2019-03-28T03:38:43.009Z] Command:       /usr/local/bin/node /usr/local/bin/firebase deploy --only functions
[debug] [2019-03-28T03:38:43.009Z] CLI Version:   4.2.0
[debug] [2019-03-28T03:38:43.009Z] Platform:      darwin
[debug] [2019-03-28T03:38:43.009Z] Node Version:  v10.12.0
[debug] [2019-03-28T03:38:43.010Z] Time:          Thu Mar 28 2019 03:38:43 GMT+0000 (Greenwich Mean Time)
[debug] [2019-03-28T03:38:43.010Z] ----------------------------------------------------------------------
[debug] 
[debug] [2019-03-28T03:38:43.035Z] > command requires scopes: ["email","openid","https://www.googleapis.com/auth/cloudplatformprojects.readonly","https://www.googleapis.com/auth/firebase","https://www.googleapis.com/auth/cloud-platform"]
[debug] [2019-03-28T03:38:43.035Z] > authorizing via signed-in user
[debug] [2019-03-28T03:38:43.038Z] > refreshing access token with scopes: ["email","https://www.googleapis.com/auth/cloud-platform","https://www.googleapis.com/auth/cloudplatformprojects.readonly","https://www.googleapis.com/auth/firebase","openid"]
[debug] [2019-03-28T03:38:43.038Z] >>> HTTP REQUEST POST https://www.googleapis.com/oauth2/v3/token  

[debug] [2019-03-28T03:38:43.239Z] <<< HTTP RESPONSE 200
[debug] [2019-03-28T03:38:43.249Z] >>> HTTP REQUEST GET https://admin.firebase.com/v1/projects/website-gmc  
 
[debug] [2019-03-28T03:38:43.856Z] <<< HTTP RESPONSE 200
[info] 
[info] === Deploying to 'website-gmc'...
[info] 
[info] i  deploying functions
[info] Running command: npm --prefix "$RESOURCE_DIR" run lint
[info] ✔  functions: Finished running predeploy script.
[debug] [2019-03-28T03:38:47.794Z] > [functions] package.json contents: {
  "name": "functions",
  "description": "Cloud Functions for Firebase",
  "scripts": {
    "lint": "eslint .",
    "serve": "firebase serve --only functions",
    "shell": "firebase functions:shell",
    "start": "npm run shell",
    "deploy": "firebase deploy --only functions",
    "logs": "firebase functions:log"
  },
  "dependencies": {
    "cors": "^2.8.5",
    "errorhandler": "^1.5.0",
    "express": "^4.16.4",
    "firebase-admin": "^6.0.0",
    "firebase-functions": "^2.0.3",
    "mailchimp-api-v3": "^1.13.0",
    "url": "^0.11.0"
  },
  "devDependencies": {
    "eslint": "^4.12.0",
    "eslint-plugin-promise": "^3.6.0"
  },
  "private": true,
  "engines": {
    "node": "8"
  }
}
[info] i  functions: ensuring necessary APIs are enabled...
[debug] [2019-03-28T03:38:47.796Z] >>> HTTP REQUEST GET https://servicemanagement.googleapis.com/v1/services/cloudfunctions.googleapis.com/projectSettings/website-gmc?view=CONSUMER_VIEW  
 
[debug] [2019-03-28T03:38:47.796Z] >>> HTTP REQUEST GET https://servicemanagement.googleapis.com/v1/services/runtimeconfig.googleapis.com/projectSettings/website-gmc?view=CONSUMER_VIEW  
 
[debug] [2019-03-28T03:38:49.287Z] <<< HTTP RESPONSE 200
[debug] [2019-03-28T03:38:49.305Z] <<< HTTP RESPONSE 200
[info] ✔  functions: all necessary APIs are enabled
[debug] [2019-03-28T03:38:49.306Z] >>> HTTP REQUEST GET https://cloudresourcemanager.googleapis.com/v1/projects/website-gmc  
 
[debug] [2019-03-28T03:38:50.028Z] <<< HTTP RESPONSE 200
[debug] [2019-03-28T03:38:50.029Z] >>> HTTP REQUEST GET https://mobilesdk-pa.googleapis.com/v1/projects/503771986962:getServerAppConfig  
 
[debug] [2019-03-28T03:38:50.263Z] <<< HTTP RESPONSE 200
[info] i  functions: preparing functions directory for uploading...
[debug] [2019-03-28T03:38:50.270Z] >>> HTTP REQUEST GET https://runtimeconfig.googleapis.com/v1beta1/projects/website-gmc/configs  
 
[debug] [2019-03-28T03:38:50.642Z] <<< HTTP RESPONSE 200
[debug] [2019-03-28T03:38:50.643Z] >>> HTTP REQUEST GET https://runtimeconfig.googleapis.com/v1beta1/projects/website-gmc/configs/googlemaps/variables  
 
[debug] [2019-03-28T03:38:50.644Z] >>> HTTP REQUEST GET https://runtimeconfig.googleapis.com/v1beta1/projects/website-gmc/configs/mailchimp/variables  
 
[debug] [2019-03-28T03:38:50.833Z] <<< HTTP RESPONSE 200
[debug] [2019-03-28T03:38:50.834Z] >>> HTTP REQUEST GET https://runtimeconfig.googleapis.com/v1beta1/projects/website-gmc/configs/googlemaps/variables/key  
 
[debug] [2019-03-28T03:38:50.922Z] <<< HTTP RESPONSE 200
[debug] [2019-03-28T03:38:50.922Z] >>> HTTP REQUEST GET https://runtimeconfig.googleapis.com/v1beta1/projects/website-gmc/configs/mailchimp/variables/key  
 
[debug] [2019-03-28T03:38:51.101Z] <<< HTTP RESPONSE 200
[debug] [2019-03-28T03:38:51.174Z] <<< HTTP RESPONSE 200
[info] i  functions: packaged functions (57.14 KB) for uploading
[debug] [2019-03-28T03:38:52.050Z] >>> HTTP REQUEST POST https://cloudfunctions.googleapis.com/v1/projects/website-gmc/locations/us-central1/functions:generateUploadUrl  
 
[debug] [2019-03-28T03:38:52.530Z] <<< HTTP RESPONSE 200
[debug] [2019-03-28T03:38:52.532Z] >>> HTTP REQUEST PUT https://storage.googleapis.com/gcf-upload-us-central1-0ee85015-7171-4e2e-9fe0-cc7419fa5c65/da5a789f-fe6a-482d-b85c-c0146c6674c6.zip?GoogleAccessId=service-503771986962@gcf-admin-robot.iam.gserviceaccount.com&Expires=1553746132&Signature=XtB2t0uhmQ30WnGVEsGz2ObYT22CxsIk03C8ytiuT%2B1AAePRzJsKqevpExJ4%2FOyVHcx3wcidCoNcCgbYWTC%2FXiYGXtBVKoANFeskQ%2F06%2B5RKZVHJY6eJ2zXkSAIZiJhPQ33x0tkrZNZThjyQQsxus3ylem3GmUlt%2FXaaj%2FiiwBSOLXdx1ey0f%2FfrVkhoT9oauLkPlI9VBSEr4AZSGMd%2F%2F1vaQKXcUu%2FzBlOFlWB9rECwfrUvIPeCiWPRvbBosqPyM3wIUY31JjvhmlEHshWMu4%2FkdksnmnIJ3sOQ2pqxalmy4WeQQWOQ4JFHJve%2FTC8%2FSKn7SfHO21VBXP7PUbIzBg%3D%3D  

[debug] [2019-03-28T03:38:53.279Z] <<< HTTP RESPONSE 200
[info] ✔  functions: functions folder uploaded successfully
[debug] [2019-03-28T03:38:53.284Z] >>> HTTP REQUEST GET https://cloudfunctions.googleapis.com/v1/projects/website-gmc/locations/-/functions  
 
[debug] [2019-03-28T03:38:53.844Z] <<< HTTP RESPONSE 200
[info] i  functions: updating Node.js 8 function api(us-central1)...
[debug] [2019-03-28T03:38:53.846Z] Trigger is:  {"httpsTrigger":{}}
[debug] [2019-03-28T03:38:53.847Z] >>> HTTP REQUEST PATCH https://cloudfunctions.googleapis.com/v1/projects/website-gmc/locations/us-central1/functions/api 
query params: {"updateMask":"sourceUploadUrl,name,labels,runtime,httpsTrigger"} 

[debug] [2019-03-28T03:38:54.814Z] <<< HTTP RESPONSE 200
[debug] [2019-03-28T03:38:54.817Z] >>> HTTP REQUEST GET https://cloudfunctions.googleapis.com/v1/projects/website-gmc/locations/-/functions  
 
[debug] [2019-03-28T03:38:55.739Z] <<< HTTP RESPONSE 200
[debug] [2019-03-28T03:38:55.740Z] >>> HTTP REQUEST GET https://cloudfunctions.googleapis.com/v1/operations/d2Vic2l0ZS1nbWMvdXMtY2VudHJhbDEvYXBpL0Fscnd1TFNoT09F  
 
[debug] [2019-03-28T03:38:56.066Z] <<< HTTP RESPONSE 200
